#### DBGLogOpen Called /media/Infinity/dev/BasicGames/b2c/b2c.cpp[2103]
Loading var translations
  Line='# Functions'
  orig_name='#'
  Line='Routine_09140 | EmergencyShieldPower'
  orig_name='Routine_09140'
  new_name='EmergencyShieldPower'
  Line='Routine_09270 | KlingonAttack'
  orig_name='Routine_09270'
  new_name='KlingonAttack'
  Line='Routine_09540 | DspSRSAndStatus'
  orig_name='Routine_09540'
  new_name='DspSRSAndStatus'
  Line='Routine_10570 | InsertInQuadrant'
  orig_name='Routine_10570'
  new_name='InsertInQuadrant'
  Line='Routine_10810 | DspDeviceName'
  orig_name='Routine_10810'
  new_name='DspDeviceName'
  Line='Routine_10880 | CheckQuadrantFor'
  orig_name='Routine_10880'
  new_name='CheckQuadrantFor'
  Line='Routine_10990 | GetQuadrantName'
  orig_name='Routine_10990'
  new_name='GetQuadrantName'
  Line='Routine_11190 | DisplayHelp'
  orig_name='Routine_11190'
  new_name='DisplayHelp'
  Line=''
  Line='# Intrinsics (Change mangled name back to original name) '
  orig_name='#'
  Line='SPACE_str     | SPACE'
  orig_name='SPACE_str'
  new_name='SPACE'
  Line='MID_str       | MID'
  orig_name='MID_str'
  new_name='MID'
  Line='CHR_str       | CHR'
  orig_name='CHR_str'
  new_name='CHR'
  Line='RIGHT_str     | RIGHT'
  orig_name='RIGHT_str'
  new_name='RIGHT'
  Line='LEFT_str      | LEFT'
  orig_name='LEFT_str'
  new_name='LEFT'
  Line='INT_int       | INT'
  orig_name='INT_int'
  new_name='INT'
  Line=''
  Line=''
  Line='# Variables'
  orig_name='#'
  Line='A_int        | A_int'
  orig_name='A_int'
  new_name='A_int'
  Line='A_str        | tmpstr'
  orig_name='A_str'
  new_name='tmpstr'
  Line='A1_str       | CommandInitials'
  orig_name='A1_str'
  new_name='CommandInitials'
  Line='A9_int_arr   | ShipStrUnpacked'
  orig_name='A9_int_arr'
  new_name='ShipStrUnpacked'
  Line='A9_int       | A9_int'
  orig_name='A9_int'
  new_name='A9_int'
  Line='B3_int       | StarbaseSector'
  orig_name='B3_int'
  new_name='StarbaseSector'
  Line='B4_int       | B4_int'
  orig_name='B4_int'
  new_name='B4_int'
  Line='B5_int       | B5_int'
  orig_name='B5_int'
  new_name='B5_int'
  Line='B9_int       | StarbaseTotal'
  orig_name='B9_int'
  new_name='StarbaseTotal'
  Line='C_int_arr    | C_int_arr'
  orig_name='C_int_arr'
  new_name='C_int_arr'
  Line='C_int        | C_int'
  orig_name='C_int'
  new_name='C_int'
  Line='C_str        | Condition'
  orig_name='C_str'
  new_name='Condition'
  Line='C1_int       | C1_int'
  orig_name='C1_int'
  new_name='C1_int'
  Line='D_int        | D_int'
  orig_name='D_int'
  new_name='D_int'
  Line='D_flt_arr    | DamageControl'
  orig_name='D_flt_arr'
  new_name='DamageControl'
  Line='D_str_arr    | CommandNames'
  orig_name='D_str_arr'
  new_name='CommandNames'
  Line='D0_int       | flgProtectedByStarbase'
  orig_name='D0_int'
  new_name='flgProtectedByStarbase'
  Line='D1_int       | D1_int'
  orig_name='D1_int'
  new_name='D1_int'
  Line='D2_flt       | SystemDamage'
  orig_name='D2_flt'
  new_name='SystemDamage'
  Line='D3_flt       | D3_flt'
  orig_name='D3_flt'
  new_name='D3_flt'
  Line='D4_flt       | D4_flt'
  orig_name='D4_flt'
  new_name='D4_flt'
  Line='D6_int       | D6_int'
  orig_name='D6_int'
  new_name='D6_int'
  Line='E_int        | CurrentEnergy'
  orig_name='E_int'
  new_name='CurrentEnergy'
  Line='E0_int       | InitialEnergy'
  orig_name='E0_int'
  new_name='InitialEnergy'
  Line='G_int_arr    | SectorPopulation'
  orig_name='G_int_arr'
  new_name='SectorPopulation'
  Line='G1_str_arr   | QuadrantName'
  orig_name='G1_str_arr'
  new_name='QuadrantName'
  Line='G2_str       | QuadName'
  orig_name='G2_str'
  new_name='QuadName'
  Line='G3_str       | G3_str'
  orig_name='G3_str'
  new_name='G3_str'
  Line='G4_str       | QuadrantNameSuffix'
  orig_name='G4_str'
  new_name='QuadrantNameSuffix'
  Line='G5_int       | G5_int'
  orig_name='G5_int'
  new_name='G5_int'
  Line='H_int        | KlingonHitDamage'
  orig_name='H_int'
  new_name='KlingonHitDamage'
  Line='H1_int       | H1_int'
  orig_name='H1_int'
  new_name='H1_int'
  Line='H8_int       | H8_int'
  orig_name='H8_int'
  new_name='H8_int'
  Line='I_int        | idx_i'
  orig_name='I_int'
  new_name='idx_i'
  Line='I1_int       | I1_int'
  orig_name='I1_int'
  new_name='I1_int'
  Line='I7_int       | QuadIdx'
  orig_name='I7_int'
  new_name='QuadIdx'
  Line='I8_int       | idx'
  orig_name='I8_int'
  new_name='idx'
  Line='J_int        | idx_j'
  orig_name='J_int'
  new_name='idx_j'
  Line='J0_int       | J0_int'
  orig_name='J0_int'
  new_name='J0_int'
  Line='K_int_arr    | KlingonInfoLocAndDamage'
  orig_name='K_int_arr'
  new_name='KlingonInfoLocAndDamage'
  Line='K_int        | K_int'
  orig_name='K_int'
  new_name='K_int'
  Line='K3_int       | KlingonsSector'
  orig_name='K3_int'
  new_name='KlingonsSector'
  Line='K7_int       | K7_int'
  orig_name='K7_int'
  new_name='K7_int'
  Line='K9_int       | KlingonsTotal'
  orig_name='K9_int'
  new_name='KlingonsTotal'
  Line='L2_int       | L2_int'
  orig_name='L2_int'
  new_name='L2_int'
  Line='L3_int       | L3_int'
  orig_name='L3_int'
  new_name='L3_int'
  Line='M9_int       | M9_int'
  orig_name='M9_int'
  new_name='M9_int'
  Line='N_int_arr    | N_int_arr'
  orig_name='N_int_arr'
  new_name='N_int_arr'
  Line='N_int        | WarpEnergy'
  orig_name='N_int'
  new_name='WarpEnergy'
  Line='N_str        | N_str'
  orig_name='N_str'
  new_name='N_str'
  Line='N1_str       | N1_str'
  orig_name='N1_str'
  new_name='N1_str'
  Line='N2_str       | N2_str'
  orig_name='N2_str'
  new_name='N2_str'
  Line='N5_str       | N5_str'
  orig_name='N5_str'
  new_name='N5_str'
  Line='O1_str       | O1_str'
  orig_name='O1_str'
  new_name='O1_str'
  Line='O3_str       | O3_str'
  orig_name='O3_str'
  new_name='O3_str'
  Line='P_int        | PhotonTorpedoes'
  orig_name='P_int'
  new_name='PhotonTorpedoes'
  Line='P0_int       | P0_int'
  orig_name='P0_int'
  new_name='P0_int'
  Line='P1_flt       | QuarterPi'
  orig_name='P1_flt'
  new_name='QuarterPi'
  Line='P1_str       | P1_str'
  orig_name='P1_str'
  new_name='P1_str'
  Line='Q_str_arr    | QuadrantInfo'
  orig_name='Q_str_arr'
  new_name='QuadrantInfo'
  Line='Q1_int       | EnterpriseQuadrantX'
  orig_name='Q1_int'
  new_name='EnterpriseQuadrantX'
  Line='Q2_int       | EnterpriseQuadrantY'
  orig_name='Q2_int'
  new_name='EnterpriseQuadrantY'
  Line='Q4_int       | Q4_int'
  orig_name='Q4_int'
  new_name='Q4_int'
  Line='Q5_int       | Q5_int'
  orig_name='Q5_int'
  new_name='Q5_int'
  Line='Q9_int_arr   | QuadrantUnpacked'
  orig_name='Q9_int_arr'
  new_name='QuadrantUnpacked'
  Line='Q9_int       | Q9_int'
  orig_name='Q9_int'
  new_name='Q9_int'
  Line='R1_int       | RandomNbr1'
  orig_name='R1_int'
  new_name='RandomNbr1'
  Line='R2_int       | RandomNbr2'
  orig_name='R2_int'
  new_name='RandomNbr2'
  Line='S_int        | EnterpriseSheilds'
  orig_name='S_int'
  new_name='EnterpriseSheilds'
  Line='S1_int       | EnterpriseSectorX'
  orig_name='S1_int'
  new_name='EnterpriseSectorX'
  Line='S2_int       | EnterpriseSectorY'
  orig_name='S2_int'
  new_name='EnterpriseSectorY'
  Line='S3_int       | SectorStars'
  orig_name='S3_int'
  new_name='SectorStars'
  Line='S9_int       | S9_int'
  orig_name='S9_int'
  new_name='S9_int'
  Line='T_flt        | StarDate'
  orig_name='T_flt'
  new_name='StarDate'
  Line='T0_int       | StartStarDate'
  orig_name='T0_int'
  new_name='StartStarDate'
  Line='T8_flt       | T8_flt'
  orig_name='T8_flt'
  new_name='T8_flt'
  Line='T9_int       | CampaignLength'
  orig_name='T9_int'
  new_name='CampaignLength'
  Line='V5_int       | V5_int'
  orig_name='V5_int'
  new_name='V5_int'
  Line='W1_int       | WarpFactor'
  orig_name='W1_int'
  new_name='WarpFactor'
  Line='X_int        | X_int'
  orig_name='X_int'
  new_name='X_int'
  Line='X_str        | X_str'
  orig_name='X_str'
  new_name='X_str'
  Line='X0_str       | X0_str'
  orig_name='X0_str'
  new_name='X0_str'
  Line='X1_int       | X1_int'
  orig_name='X1_int'
  new_name='X1_int'
  Line='X2_int       | X2_int'
  orig_name='X2_int'
  new_name='X2_int'
  Line='X5_int       | X5_int'
  orig_name='X5_int'
  new_name='X5_int'
  Line='X9_int       | X9_int'
  orig_name='X9_int'
  new_name='X9_int'
  Line='Y_int        | Y_int'
  orig_name='Y_int'
  new_name='Y_int'
  Line='Y9_int       | Y9_int'
  orig_name='Y9_int'
  new_name='Y9_int'
  Line='Z_int_arr    | Z_int_arr'
  orig_name='Z_int_arr'
  new_name='Z_int_arr'
  Line='Z1_int       | QuadY'
  orig_name='Z1_int'
  new_name='QuadY'
  Line='Z2_int       | QuadX'
  orig_name='Z2_int'
  new_name='QuadX'
  Line='Z3_int       | rtn'
  orig_name='Z3_int'
  new_name='rtn'
  Line='Z4_int       | Z4_int'
  orig_name='Z4_int'
  new_name='Z4_int'
  Line='Z5_int       | Z5_int'
  orig_name='Z5_int'
  new_name='Z5_int'
  Line=''
  Line='# Line numbers'
  orig_name='#'
  Line='Lbl_01270    | GameStart'
  orig_name='Lbl_01270'
  new_name='GameStart'
  Line='Lbl_01980    | SectorKlingons3'
  orig_name='Lbl_01980'
  new_name='SectorKlingons3'
  Line='Lbl_02010    | SectorKlingons2'
  orig_name='Lbl_02010'
  new_name='SectorKlingons2'
  Line='Lbl_02040    | SectorKlingons1'
  orig_name='Lbl_02040'
  new_name='SectorKlingons1'
  Line='Lbl_02060    | NoKlingonsInSector'
  orig_name='Lbl_02060'
  new_name='NoKlingonsInSector'
  Line='Lbl_02100    | SectorStarbase'
  orig_name='Lbl_02100'
  new_name='SectorStarbase'
  Line='Lbl_02120    | NoStarbases'
  orig_name='Lbl_02120'
  new_name='NoStarbases'
  Line='Lbl_02260    | AddQ63Starbase'
  orig_name='Lbl_02260'
  new_name='AddQ63Starbase'
  Line='Lbl_02270    | GotNufStarbases'
  orig_name='Lbl_02270'
  new_name='GotNufStarbases'
  Line='Lbl_02320    | EnterpriseOrders'
  orig_name='Lbl_02320'
  new_name='EnterpriseOrders'
  Line='Lbl_02450    | EnterNewQuadrant'
  orig_name='Lbl_02450'
  new_name='EnterNewQuadrant'
  Line='Lbl_02650    | MiddleOfGame'
  orig_name='Lbl_02650'
  new_name='MiddleOfGame'
  Line='Lbl_02660    | Lbl_02660'
  orig_name='Lbl_02660'
  new_name='Lbl_02660'
  Line='Lbl_02750    | Lbl_02750'
  orig_name='Lbl_02750'
  new_name='Lbl_02750'
  Line='Lbl_02760    | Lbl_02760'
  orig_name='Lbl_02760'
  new_name='Lbl_02760'
  Line='Lbl_03140    | Lbl_03140'
  orig_name='Lbl_03140'
  new_name='Lbl_03140'
  Line='Lbl_03150    | Lbl_03150'
  orig_name='Lbl_03150'
  new_name='Lbl_03150'
  Line='Lbl_03180    | Lbl_03180'
  orig_name='Lbl_03180'
  new_name='Lbl_03180'
  Line='Lbl_03220    | Lbl_03220'
  orig_name='Lbl_03220'
  new_name='Lbl_03220'
  Line='Lbl_03300    | GotCmdIndex'
  orig_name='Lbl_03300'
  new_name='GotCmdIndex'
  Line='Lbl_03310    | NextCmdInitial'
  orig_name='Lbl_03310'
  new_name='NextCmdInitial'
  Line='Lbl_03480    | Lbl_03480'
  orig_name='Lbl_03480'
  new_name='Lbl_03480'
  Line='Lbl_03510    | Lbl_03510'
  orig_name='Lbl_03510'
  new_name='Lbl_03510'
  Line='Lbl_03530    | Lbl_03530'
  orig_name='Lbl_03530'
  new_name='Lbl_03530'
  Line='Lbl_03560    | Lbl_03560'
  orig_name='Lbl_03560'
  new_name='Lbl_03560'
  Line='Lbl_03620    | Lbl_03620'
  orig_name='Lbl_03620'
  new_name='Lbl_03620'
  Line='Lbl_03660    | Lbl_03660'
  orig_name='Lbl_03660'
  new_name='Lbl_03660'
  Line='Lbl_03700    | Lbl_03700'
  orig_name='Lbl_03700'
  new_name='Lbl_03700'
  Line='Lbl_03830    | Lbl_03830'
  orig_name='Lbl_03830'
  new_name='Lbl_03830'
  Line='Lbl_03940    | Lbl_03940'
  orig_name='Lbl_03940'
  new_name='Lbl_03940'
  Line='Lbl_04040    | Lbl_04040'
  orig_name='Lbl_04040'
  new_name='Lbl_04040'
  Line='Lbl_04110    | Lbl_04110'
  orig_name='Lbl_04110'
  new_name='Lbl_04110'
  Line='Lbl_04150    | Lbl_04150'
  orig_name='Lbl_04150'
  new_name='Lbl_04150'
  Line='Lbl_04300    | Lbl_04300'
  orig_name='Lbl_04300'
  new_name='Lbl_04300'
  Line='Lbl_04400    | Lbl_04400'
  orig_name='Lbl_04400'
  new_name='Lbl_04400'
  Line='Lbl_04630    | Lbl_04630'
  orig_name='Lbl_04630'
  new_name='Lbl_04630'
  Line='Lbl_04640    | Lbl_04640'
  orig_name='Lbl_04640'
  new_name='Lbl_04640'
  Line='Lbl_04740    | Lbl_04740'
  orig_name='Lbl_04740'
  new_name='Lbl_04740'
  Line='Lbl_04790    | Lbl_04790'
  orig_name='Lbl_04790'
  new_name='Lbl_04790'
  Line='Lbl_04900    | Lbl_04900'
  orig_name='Lbl_04900'
  new_name='Lbl_04900'
  Line='Lbl_04940    | Lbl_04940'
  orig_name='Lbl_04940'
  new_name='Lbl_04940'
  Line='Lbl_04980    | Lbl_04980'
  orig_name='Lbl_04980'
  new_name='Lbl_04980'
  Line='Lbl_05020    | Lbl_05020'
  orig_name='Lbl_05020'
  new_name='Lbl_05020'
  Line='Lbl_05060    | Lbl_05060'
  orig_name='Lbl_05060'
  new_name='Lbl_05060'
  Line='Lbl_05100    | Lbl_05100'
  orig_name='Lbl_05100'
  new_name='Lbl_05100'
  Line='Lbl_05170    | Lbl_05170'
  orig_name='Lbl_05170'
  new_name='Lbl_05170'
  Line='Lbl_05250    | Lbl_05250'
  orig_name='Lbl_05250'
  new_name='Lbl_05250'
  Line='Lbl_05280    | Lbl_05280'
  orig_name='Lbl_05280'
  new_name='Lbl_05280'
  Line='Lbl_05430    | Lbl_05430'
  orig_name='Lbl_05430'
  new_name='Lbl_05430'
  Line='Lbl_05450    | Lbl_05450'
  orig_name='Lbl_05450'
  new_name='Lbl_05450'
  Line='Lbl_05540    | Lbl_05540'
  orig_name='Lbl_05540'
  new_name='Lbl_05540'
  Line='Lbl_05580    | Lbl_05580'
  orig_name='Lbl_05580'
  new_name='Lbl_05580'
  Line='Lbl_05610    | Lbl_05610'
  orig_name='Lbl_05610'
  new_name='Lbl_05610'
  Line='Lbl_05630    | Lbl_05630'
  orig_name='Lbl_05630'
  new_name='Lbl_05630'
  Line='Lbl_05640    | Lbl_05640'
  orig_name='Lbl_05640'
  new_name='Lbl_05640'
  Line='Lbl_05730    | Lbl_05730'
  orig_name='Lbl_05730'
  new_name='Lbl_05730'
  Line='Lbl_05810    | Lbl_05810'
  orig_name='Lbl_05810'
  new_name='Lbl_05810'
  Line='Lbl_05860    | Lbl_05860'
  orig_name='Lbl_05860'
  new_name='Lbl_05860'
  Line='Lbl_05950    | Lbl_05950'
  orig_name='Lbl_05950'
  new_name='Lbl_05950'
  Line='Lbl_06010    | Lbl_06010'
  orig_name='Lbl_06010'
  new_name='Lbl_06010'
  Line='Lbl_06040    | Lbl_06040'
  orig_name='Lbl_06040'
  new_name='Lbl_06040'
  Line='Lbl_06070    | Lbl_06070'
  orig_name='Lbl_06070'
  new_name='Lbl_06070'
  Line='Lbl_06100    | Lbl_06100'
  orig_name='Lbl_06100'
  new_name='Lbl_06100'
  Line='Lbl_06120    | Lbl_06120'
  orig_name='Lbl_06120'
  new_name='Lbl_06120'
  Line='Lbl_06160    | Lbl_06160'
  orig_name='Lbl_06160'
  new_name='Lbl_06160'
  Line='Lbl_06230    | Lbl_06230'
  orig_name='Lbl_06230'
  new_name='Lbl_06230'
  Line='Lbl_06260    | Lbl_06260'
  orig_name='Lbl_06260'
  new_name='Lbl_06260'
  Line='Lbl_06310    | Lbl_06310'
  orig_name='Lbl_06310'
  new_name='Lbl_06310'
  Line='Lbl_06570    | Lbl_06570'
  orig_name='Lbl_06570'
  new_name='Lbl_06570'
  Line='Lbl_06580    | Lbl_06580'
  orig_name='Lbl_06580'
  new_name='Lbl_06580'
  Line='Lbl_06600    | Lbl_06600'
  orig_name='Lbl_06600'
  new_name='Lbl_06600'
  Line='Lbl_06670    | Lbl_06670'
  orig_name='Lbl_06670'
  new_name='Lbl_06670'
  Line='Lbl_06790    | Lbl_06790'
  orig_name='Lbl_06790'
  new_name='Lbl_06790'
  Line='Lbl_06820    | Lbl_06820'
  orig_name='Lbl_06820'
  new_name='Lbl_06820'
  Line='Lbl_06880    | Lbl_06880'
  orig_name='Lbl_06880'
  new_name='Lbl_06880'
  Line='Lbl_06890    | Lbl_06890'
  orig_name='Lbl_06890'
  new_name='Lbl_06890'
  Line='Lbl_06950    | Lbl_06950'
  orig_name='Lbl_06950'
  new_name='Lbl_06950'
  Line='Lbl_06980    | Lbl_06980'
  orig_name='Lbl_06980'
  new_name='Lbl_06980'
  Line='Lbl_07040    | Lbl_07040'
  orig_name='Lbl_07040'
  new_name='Lbl_07040'
  Line='Lbl_07140    | Lbl_07140'
  orig_name='Lbl_07140'
  new_name='Lbl_07140'
  Line='Lbl_07160    | Lbl_07160'
  orig_name='Lbl_07160'
  new_name='Lbl_07160'
  Line='Lbl_07210    | Lbl_07210'
  orig_name='Lbl_07210'
  new_name='Lbl_07210'
  Line='Lbl_07260    | Lbl_07260'
  orig_name='Lbl_07260'
  new_name='Lbl_07260'
  Line='Lbl_07360    | Lbl_07360'
  orig_name='Lbl_07360'
  new_name='Lbl_07360'
  Line='Lbl_07440    | Lbl_07440'
  orig_name='Lbl_07440'
  new_name='Lbl_07440'
  Line='Lbl_07460    | Lbl_07460'
  orig_name='Lbl_07460'
  new_name='Lbl_07460'
  Line='Lbl_07490    | Lbl_07490'
  orig_name='Lbl_07490'
  new_name='Lbl_07490'
  Line='Lbl_07510    | Lbl_07510'
  orig_name='Lbl_07510'
  new_name='Lbl_07510'
  Line='Lbl_07590    | Lbl_07590'
  orig_name='Lbl_07590'
  new_name='Lbl_07590'
  Line='Lbl_07680    | Lbl_07680'
  orig_name='Lbl_07680'
  new_name='Lbl_07680'
  Line='Lbl_07710    | Lbl_07710'
  orig_name='Lbl_07710'
  new_name='Lbl_07710'
  Line='Lbl_07840    | Lbl_07840'
  orig_name='Lbl_07840'
  new_name='Lbl_07840'
  Line='Lbl_07880    | Lbl_07880'
  orig_name='Lbl_07880'
  new_name='Lbl_07880'
  Line='Lbl_08000    | Lbl_08000'
  orig_name='Lbl_08000'
  new_name='Lbl_08000'
  Line='Lbl_08010    | Lbl_08010'
  orig_name='Lbl_08010'
  new_name='Lbl_08010'
  Line='Lbl_08170    | Lbl_08170'
  orig_name='Lbl_08170'
  new_name='Lbl_08170'
  Line='Lbl_08210    | Lbl_08210'
  orig_name='Lbl_08210'
  new_name='Lbl_08210'
  Line='Lbl_08340    | Lbl_08340'
  orig_name='Lbl_08340'
  new_name='Lbl_08340'
  Line='Lbl_08420    | Lbl_08420'
  orig_name='Lbl_08420'
  new_name='Lbl_08420'
  Line='Lbl_08460    | Lbl_08460'
  orig_name='Lbl_08460'
  new_name='Lbl_08460'
  Line='Lbl_08560    | Lbl_08560'
  orig_name='Lbl_08560'
  new_name='Lbl_08560'
  Line='Lbl_08620    | Lbl_08620'
  orig_name='Lbl_08620'
  new_name='Lbl_08620'
  Line='Lbl_08670    | Lbl_08670'
  orig_name='Lbl_08670'
  new_name='Lbl_08670'
  Line='Lbl_08700    | Lbl_08700'
  orig_name='Lbl_08700'
  new_name='Lbl_08700'
  Line='Lbl_08770    | Lbl_08770'
  orig_name='Lbl_08770'
  new_name='Lbl_08770'
  Line='Lbl_08830    | Lbl_08830'
  orig_name='Lbl_08830'
  new_name='Lbl_08830'
  Line='Lbl_08840    | Lbl_08840'
  orig_name='Lbl_08840'
  new_name='Lbl_08840'
  Line='Lbl_08880    | Lbl_08880'
  orig_name='Lbl_08880'
  new_name='Lbl_08880'
  Line='Lbl_08900    | Lbl_08900'
  orig_name='Lbl_08900'
  new_name='Lbl_08900'
  Line='Lbl_08920    | Lbl_08920'
  orig_name='Lbl_08920'
  new_name='Lbl_08920'
  Line='Lbl_08940    | Lbl_08940'
  orig_name='Lbl_08940'
  new_name='Lbl_08940'
  Line='Lbl_08960    | Lbl_08960'
  orig_name='Lbl_08960'
  new_name='Lbl_08960'
  Line='Lbl_08970    | Lbl_08970'
  orig_name='Lbl_08970'
  new_name='Lbl_08970'
  Line='Lbl_09000    | Lbl_09000'
  orig_name='Lbl_09000'
  new_name='Lbl_09000'
  Line='Lbl_09010    | Lbl_09010'
  orig_name='Lbl_09010'
  new_name='Lbl_09010'
  Line='Lbl_09030    | Lbl_09030'
  orig_name='Lbl_09030'
  new_name='Lbl_09030'
  Line='Lbl_09050    | Lbl_09050'
  orig_name='Lbl_09050'
  new_name='Lbl_09050'
  Line='Lbl_09080    | Lbl_09080'
  orig_name='Lbl_09080'
  new_name='Lbl_09080'
  Line='Lbl_09120    | Lbl_09120'
  orig_name='Lbl_09120'
  new_name='Lbl_09120'
  Line='Lbl_09190    | Start'
  orig_name='Lbl_09190'
  new_name='Start'
  Line='Lbl_09260    | ShieldsEnergized'
  orig_name='Lbl_09260'
  new_name='ShieldsEnergized'
  Line='Lbl_09320    | KlingonAttack'
  orig_name='Lbl_09320'
  new_name='KlingonAttack'
  Line='Lbl_09360    | EachKlingonAttack'
  orig_name='Lbl_09360'
  new_name='EachKlingonAttack'
  Line='Lbl_09520    | NextKlingon'
  orig_name='Lbl_09520'
  new_name='NextKlingon'
  Line='Lbl_09530    | NoKlingonAttack'
  orig_name='Lbl_09530'
  new_name='NoKlingonAttack'
  Line='Lbl_09590    | SRSAndStatus'
  orig_name='Lbl_09590'
  new_name='SRSAndStatus'
  Line='Lbl_09700    | NextSectorSpot'
  orig_name='Lbl_09700'
  new_name='NextSectorSpot'
  Line='Lbl_09740    | Docked'
  orig_name='Lbl_09740'
  new_name='Docked'
  Line='Lbl_09810    | ChkCondCode'
  orig_name='Lbl_09810'
  new_name='ChkCondCode'
  Line='Lbl_09850    | RedAlert'
  orig_name='Lbl_09850'
  new_name='RedAlert'
  Line='Lbl_09870    | YellowAlert'
  orig_name='Lbl_09870'
  new_name='YellowAlert'
  Line='Lbl_09880    | CheckSRSstatus'
  orig_name='Lbl_09880'
  new_name='CheckSRSstatus'
  Line='Lbl_09930    | SRSWorking'
  orig_name='Lbl_09930'
  new_name='SRSWorking'
  Line='Lbl_10420    | Lbl_10420'
  orig_name='Lbl_10420'
  new_name='Lbl_10420'
  Line='Lbl_10490    | FindQuadHole'
  orig_name='Lbl_10490'
  new_name='FindQuadHole'
  Line='Lbl_10620    | Lbl_10620'
  orig_name='Lbl_10620'
  new_name='Lbl_10620'
  Line='Lbl_10760    | BadQuadCoords'
  orig_name='Lbl_10760'
  new_name='BadQuadCoords'
  Line='Lbl_10800    | Finished'
  orig_name='Lbl_10800'
  new_name='Finished'
  Line='Lbl_10860    | DisplayDevice'
  orig_name='Lbl_10860'
  new_name='DisplayDevice'
  Line='Lbl_10930    | CheckQuadArray'
  orig_name='Lbl_10930'
  new_name='CheckQuadArray'
  Line='Lbl_10980    | NotFound'
  orig_name='Lbl_10980'
  new_name='NotFound'
  Line='Lbl_11050    | QuadrantName'
  orig_name='Lbl_11050'
  new_name='QuadrantName'
  Line='Lbl_11080    | RightQuadColumn'
  orig_name='Lbl_11080'
  new_name='RightQuadColumn'
  Line='Lbl_11140    | Lbl_11140'
  orig_name='Lbl_11140'
  new_name='Lbl_11140'
  Line='Lbl_11170    | AppQuadNameVers'
  orig_name='Lbl_11170'
  new_name='AppQuadNameVers'
  Line='Lbl_11180    | Lbl_11180'
  orig_name='Lbl_11180'
  new_name='Lbl_11180'
  Line='Lbl_11230    | StartHelp'
  orig_name='Lbl_11230'
  new_name='StartHelp'
  Line='Lbl_11280    | DspHelpPage01'
  orig_name='Lbl_11280'
  new_name='DspHelpPage01'
  Line='Lbl_11460    | DspHelpPage02'
  orig_name='Lbl_11460'
  new_name='DspHelpPage02'
  Line='Lbl_11580    | DspHelpPage03'
  orig_name='Lbl_11580'
  new_name='DspHelpPage03'
  Line='Lbl_11760    | DspHelpPage04'
  orig_name='Lbl_11760'
  new_name='DspHelpPage04'
  Line='Lbl_11860    | DspHelpPage05'
  orig_name='Lbl_11860'
  new_name='DspHelpPage05'
  Line='Lbl_11940    | DspHelpPage06'
  orig_name='Lbl_11940'
  new_name='DspHelpPage06'
  Line='Lbl_12000    | DspHelpPage07'
  orig_name='Lbl_12000'
  new_name='DspHelpPage07'
  Line='Lbl_12080    | DspHelpPage08'
  orig_name='Lbl_12080'
  new_name='DspHelpPage08'
  Line='Lbl_12130    | DspHelpPage09'
  orig_name='Lbl_12130'
  new_name='DspHelpPage09'
  Line='Lbl_12180    | DspHelpPage10'
  orig_name='Lbl_12180'
  new_name='DspHelpPage10'
  Line='Lbl_12390    | ExitHelp'
  orig_name='Lbl_12390'
  new_name='ExitHelp'
Finished loading var translations
Translations:
  'A1_str' --> 'CommandInitials'
  'A9_int' --> 'A9_int'
  'A9_int_arr' --> 'ShipStrUnpacked'
  'A_int' --> 'A_int'
  'A_str' --> 'tmpstr'
  'B3_int' --> 'StarbaseSector'
  'B4_int' --> 'B4_int'
  'B5_int' --> 'B5_int'
  'B9_int' --> 'StarbaseTotal'
  'C1_int' --> 'C1_int'
  'CHR_str' --> 'CHR'
  'C_int' --> 'C_int'
  'C_int_arr' --> 'C_int_arr'
  'C_str' --> 'Condition'
  'D0_int' --> 'flgProtectedByStarbase'
  'D1_int' --> 'D1_int'
  'D2_flt' --> 'SystemDamage'
  'D3_flt' --> 'D3_flt'
  'D4_flt' --> 'D4_flt'
  'D6_int' --> 'D6_int'
  'D_flt_arr' --> 'DamageControl'
  'D_int' --> 'D_int'
  'D_str_arr' --> 'CommandNames'
  'E0_int' --> 'InitialEnergy'
  'E_int' --> 'CurrentEnergy'
  'G1_str_arr' --> 'QuadrantName'
  'G2_str' --> 'QuadName'
  'G3_str' --> 'G3_str'
  'G4_str' --> 'QuadrantNameSuffix'
  'G5_int' --> 'G5_int'
  'G_int_arr' --> 'SectorPopulation'
  'H1_int' --> 'H1_int'
  'H8_int' --> 'H8_int'
  'H_int' --> 'KlingonHitDamage'
  'I1_int' --> 'I1_int'
  'I7_int' --> 'QuadIdx'
  'I8_int' --> 'idx'
  'INT_int' --> 'INT'
  'I_int' --> 'idx_i'
  'J0_int' --> 'J0_int'
  'J_int' --> 'idx_j'
  'K3_int' --> 'KlingonsSector'
  'K7_int' --> 'K7_int'
  'K9_int' --> 'KlingonsTotal'
  'K_int' --> 'K_int'
  'K_int_arr' --> 'KlingonInfoLocAndDamage'
  'L2_int' --> 'L2_int'
  'L3_int' --> 'L3_int'
  'LEFT_str' --> 'LEFT'
  'Lbl_01270' --> 'GameStart'
  'Lbl_01980' --> 'SectorKlingons3'
  'Lbl_02010' --> 'SectorKlingons2'
  'Lbl_02040' --> 'SectorKlingons1'
  'Lbl_02060' --> 'NoKlingonsInSector'
  'Lbl_02100' --> 'SectorStarbase'
  'Lbl_02120' --> 'NoStarbases'
  'Lbl_02260' --> 'AddQ63Starbase'
  'Lbl_02270' --> 'GotNufStarbases'
  'Lbl_02320' --> 'EnterpriseOrders'
  'Lbl_02450' --> 'EnterNewQuadrant'
  'Lbl_02650' --> 'MiddleOfGame'
  'Lbl_02660' --> 'Lbl_02660'
  'Lbl_02750' --> 'Lbl_02750'
  'Lbl_02760' --> 'Lbl_02760'
  'Lbl_03140' --> 'Lbl_03140'
  'Lbl_03150' --> 'Lbl_03150'
  'Lbl_03180' --> 'Lbl_03180'
  'Lbl_03220' --> 'Lbl_03220'
  'Lbl_03300' --> 'GotCmdIndex'
  'Lbl_03310' --> 'NextCmdInitial'
  'Lbl_03480' --> 'Lbl_03480'
  'Lbl_03510' --> 'Lbl_03510'
  'Lbl_03530' --> 'Lbl_03530'
  'Lbl_03560' --> 'Lbl_03560'
  'Lbl_03620' --> 'Lbl_03620'
  'Lbl_03660' --> 'Lbl_03660'
  'Lbl_03700' --> 'Lbl_03700'
  'Lbl_03830' --> 'Lbl_03830'
  'Lbl_03940' --> 'Lbl_03940'
  'Lbl_04040' --> 'Lbl_04040'
  'Lbl_04110' --> 'Lbl_04110'
  'Lbl_04150' --> 'Lbl_04150'
  'Lbl_04300' --> 'Lbl_04300'
  'Lbl_04400' --> 'Lbl_04400'
  'Lbl_04630' --> 'Lbl_04630'
  'Lbl_04640' --> 'Lbl_04640'
  'Lbl_04740' --> 'Lbl_04740'
  'Lbl_04790' --> 'Lbl_04790'
  'Lbl_04900' --> 'Lbl_04900'
  'Lbl_04940' --> 'Lbl_04940'
  'Lbl_04980' --> 'Lbl_04980'
  'Lbl_05020' --> 'Lbl_05020'
  'Lbl_05060' --> 'Lbl_05060'
  'Lbl_05100' --> 'Lbl_05100'
  'Lbl_05170' --> 'Lbl_05170'
  'Lbl_05250' --> 'Lbl_05250'
  'Lbl_05280' --> 'Lbl_05280'
  'Lbl_05430' --> 'Lbl_05430'
  'Lbl_05450' --> 'Lbl_05450'
  'Lbl_05540' --> 'Lbl_05540'
  'Lbl_05580' --> 'Lbl_05580'
  'Lbl_05610' --> 'Lbl_05610'
  'Lbl_05630' --> 'Lbl_05630'
  'Lbl_05640' --> 'Lbl_05640'
  'Lbl_05730' --> 'Lbl_05730'
  'Lbl_05810' --> 'Lbl_05810'
  'Lbl_05860' --> 'Lbl_05860'
  'Lbl_05950' --> 'Lbl_05950'
  'Lbl_06010' --> 'Lbl_06010'
  'Lbl_06040' --> 'Lbl_06040'
  'Lbl_06070' --> 'Lbl_06070'
  'Lbl_06100' --> 'Lbl_06100'
  'Lbl_06120' --> 'Lbl_06120'
  'Lbl_06160' --> 'Lbl_06160'
  'Lbl_06230' --> 'Lbl_06230'
  'Lbl_06260' --> 'Lbl_06260'
  'Lbl_06310' --> 'Lbl_06310'
  'Lbl_06570' --> 'Lbl_06570'
  'Lbl_06580' --> 'Lbl_06580'
  'Lbl_06600' --> 'Lbl_06600'
  'Lbl_06670' --> 'Lbl_06670'
  'Lbl_06790' --> 'Lbl_06790'
  'Lbl_06820' --> 'Lbl_06820'
  'Lbl_06880' --> 'Lbl_06880'
  'Lbl_06890' --> 'Lbl_06890'
  'Lbl_06950' --> 'Lbl_06950'
  'Lbl_06980' --> 'Lbl_06980'
  'Lbl_07040' --> 'Lbl_07040'
  'Lbl_07140' --> 'Lbl_07140'
  'Lbl_07160' --> 'Lbl_07160'
  'Lbl_07210' --> 'Lbl_07210'
  'Lbl_07260' --> 'Lbl_07260'
  'Lbl_07360' --> 'Lbl_07360'
  'Lbl_07440' --> 'Lbl_07440'
  'Lbl_07460' --> 'Lbl_07460'
  'Lbl_07490' --> 'Lbl_07490'
  'Lbl_07510' --> 'Lbl_07510'
  'Lbl_07590' --> 'Lbl_07590'
  'Lbl_07680' --> 'Lbl_07680'
  'Lbl_07710' --> 'Lbl_07710'
  'Lbl_07840' --> 'Lbl_07840'
  'Lbl_07880' --> 'Lbl_07880'
  'Lbl_08000' --> 'Lbl_08000'
  'Lbl_08010' --> 'Lbl_08010'
  'Lbl_08170' --> 'Lbl_08170'
  'Lbl_08210' --> 'Lbl_08210'
  'Lbl_08340' --> 'Lbl_08340'
  'Lbl_08420' --> 'Lbl_08420'
  'Lbl_08460' --> 'Lbl_08460'
  'Lbl_08560' --> 'Lbl_08560'
  'Lbl_08620' --> 'Lbl_08620'
  'Lbl_08670' --> 'Lbl_08670'
  'Lbl_08700' --> 'Lbl_08700'
  'Lbl_08770' --> 'Lbl_08770'
  'Lbl_08830' --> 'Lbl_08830'
  'Lbl_08840' --> 'Lbl_08840'
  'Lbl_08880' --> 'Lbl_08880'
  'Lbl_08900' --> 'Lbl_08900'
  'Lbl_08920' --> 'Lbl_08920'
  'Lbl_08940' --> 'Lbl_08940'
  'Lbl_08960' --> 'Lbl_08960'
  'Lbl_08970' --> 'Lbl_08970'
  'Lbl_09000' --> 'Lbl_09000'
  'Lbl_09010' --> 'Lbl_09010'
  'Lbl_09030' --> 'Lbl_09030'
  'Lbl_09050' --> 'Lbl_09050'
  'Lbl_09080' --> 'Lbl_09080'
  'Lbl_09120' --> 'Lbl_09120'
  'Lbl_09190' --> 'Start'
  'Lbl_09260' --> 'ShieldsEnergized'
  'Lbl_09320' --> 'KlingonAttack'
  'Lbl_09360' --> 'EachKlingonAttack'
  'Lbl_09520' --> 'NextKlingon'
  'Lbl_09530' --> 'NoKlingonAttack'
  'Lbl_09590' --> 'SRSAndStatus'
  'Lbl_09700' --> 'NextSectorSpot'
  'Lbl_09740' --> 'Docked'
  'Lbl_09810' --> 'ChkCondCode'
  'Lbl_09850' --> 'RedAlert'
  'Lbl_09870' --> 'YellowAlert'
  'Lbl_09880' --> 'CheckSRSstatus'
  'Lbl_09930' --> 'SRSWorking'
  'Lbl_10420' --> 'Lbl_10420'
  'Lbl_10490' --> 'FindQuadHole'
  'Lbl_10620' --> 'Lbl_10620'
  'Lbl_10760' --> 'BadQuadCoords'
  'Lbl_10800' --> 'Finished'
  'Lbl_10860' --> 'DisplayDevice'
  'Lbl_10930' --> 'CheckQuadArray'
  'Lbl_10980' --> 'NotFound'
  'Lbl_11050' --> 'QuadrantName'
  'Lbl_11080' --> 'RightQuadColumn'
  'Lbl_11140' --> 'Lbl_11140'
  'Lbl_11170' --> 'AppQuadNameVers'
  'Lbl_11180' --> 'Lbl_11180'
  'Lbl_11230' --> 'StartHelp'
  'Lbl_11280' --> 'DspHelpPage01'
  'Lbl_11460' --> 'DspHelpPage02'
  'Lbl_11580' --> 'DspHelpPage03'
  'Lbl_11760' --> 'DspHelpPage04'
  'Lbl_11860' --> 'DspHelpPage05'
  'Lbl_11940' --> 'DspHelpPage06'
  'Lbl_12000' --> 'DspHelpPage07'
  'Lbl_12080' --> 'DspHelpPage08'
  'Lbl_12130' --> 'DspHelpPage09'
  'Lbl_12180' --> 'DspHelpPage10'
  'Lbl_12390' --> 'ExitHelp'
  'M9_int' --> 'M9_int'
  'MID_str' --> 'MID'
  'N1_str' --> 'N1_str'
  'N2_str' --> 'N2_str'
  'N5_str' --> 'N5_str'
  'N_int' --> 'WarpEnergy'
  'N_int_arr' --> 'N_int_arr'
  'N_str' --> 'N_str'
  'O1_str' --> 'O1_str'
  'O3_str' --> 'O3_str'
  'P0_int' --> 'P0_int'
  'P1_flt' --> 'QuarterPi'
  'P1_str' --> 'P1_str'
  'P_int' --> 'PhotonTorpedoes'
  'Q1_int' --> 'EnterpriseQuadrantX'
  'Q2_int' --> 'EnterpriseQuadrantY'
  'Q4_int' --> 'Q4_int'
  'Q5_int' --> 'Q5_int'
  'Q9_int' --> 'Q9_int'
  'Q9_int_arr' --> 'QuadrantUnpacked'
  'Q_str_arr' --> 'QuadrantInfo'
  'R1_int' --> 'RandomNbr1'
  'R2_int' --> 'RandomNbr2'
  'RIGHT_str' --> 'RIGHT'
  'Routine_09140' --> 'EmergencyShieldPower'
  'Routine_09270' --> 'KlingonAttack'
  'Routine_09540' --> 'DspSRSAndStatus'
  'Routine_10570' --> 'InsertInQuadrant'
  'Routine_10810' --> 'DspDeviceName'
  'Routine_10880' --> 'CheckQuadrantFor'
  'Routine_10990' --> 'GetQuadrantName'
  'Routine_11190' --> 'DisplayHelp'
  'S1_int' --> 'EnterpriseSectorX'
  'S2_int' --> 'EnterpriseSectorY'
  'S3_int' --> 'SectorStars'
  'S9_int' --> 'S9_int'
  'SPACE_str' --> 'SPACE'
  'S_int' --> 'EnterpriseSheilds'
  'T0_int' --> 'StartStarDate'
  'T8_flt' --> 'T8_flt'
  'T9_int' --> 'CampaignLength'
  'T_flt' --> 'StarDate'
  'V5_int' --> 'V5_int'
  'W1_int' --> 'WarpFactor'
  'X0_str' --> 'X0_str'
  'X1_int' --> 'X1_int'
  'X2_int' --> 'X2_int'
  'X5_int' --> 'X5_int'
  'X9_int' --> 'X9_int'
  'X_int' --> 'X_int'
  'X_str' --> 'X_str'
  'Y9_int' --> 'Y9_int'
  'Y_int' --> 'Y_int'
  'Z1_int' --> 'QuadY'
  'Z2_int' --> 'QuadX'
  'Z3_int' --> 'rtn'
  'Z4_int' --> 'Z4_int'
  'Z5_int' --> 'Z5_int'
  'Z_int_arr' --> 'Z_int_arr'
End Translations.
(PRINTSTMT)basiclval.stype='K9'
(PRINTSTMT)basiclval.stype='T0'
(PRINTSTMT)basiclval.stype='T9'
(PRINTSTMT)basiclval.stype='T9'
(PRINTSTMT)basiclval.stype='X0$'
(PRINTSTMT)basiclval.stype='B9'
(PRINTSTMT)basiclval.stype='X$'
(PRINTSTMT)basiclval.stype='G2$'
(PRINTSTMT)basiclval.stype='G2$'
(PRINTSTMT)basiclval.stype='CHR$'
(PRINTSTMT)basiclval.stype='CHR$'
(PRINTSTMT)basiclval.stype='W1'
(PRINTSTMT)basiclval.stype='W1'
(PRINTSTMT)basiclval.stype='W1'
(PRINTSTMT)basiclval.stype='S'
(PRINTSTMT)basiclval.stype='INT'
(PRINTSTMT)basiclval.stype='S1'
(PRINTSTMT)basiclval.stype='INT'
(PRINTSTMT)basiclval.stype='S2'
(PRINTSTMT)basiclval.stype='S1'
(PRINTSTMT)basiclval.stype='S2'
(PRINTSTMT)basiclval.stype='Q1'
(PRINTSTMT)basiclval.stype='Q2'
(PRINTSTMT)basiclval.stype='Q1'
(PRINTSTMT)basiclval.stype='Q2'
(PRINTSTMT)basiclval.stype='O1$'
(PRINTSTMT)basiclval.stype='P1$'
(PRINTSTMT)basiclval.stype='N'
(PRINTSTMT)basiclval.stype='N'
(PRINTSTMT)basiclval.stype='N'
(PRINTSTMT)basiclval.stype='O1$'
(PRINTSTMT)basiclval.stype='E'
(PRINTSTMT)basiclval.stype='K'
(PRINTSTMT)basiclval.stype='I'
(PRINTSTMT)basiclval.stype='K'
(PRINTSTMT)basiclval.stype='I'
(PRINTSTMT)basiclval.stype='H'
(PRINTSTMT)basiclval.stype='K'
(PRINTSTMT)basiclval.stype='I'
(PRINTSTMT)basiclval.stype='K'
(PRINTSTMT)basiclval.stype='I'
(PRINTSTMT)basiclval.stype='K'
(PRINTSTMT)basiclval.stype='I'
(PRINTSTMT)basiclval.stype='X9'
(PRINTSTMT)basiclval.stype='Y9'
(PRINTSTMT)basiclval.stype='X9'
(PRINTSTMT)basiclval.stype='Y9'
(PRINTSTMT)basiclval.stype='E'
(PRINTSTMT)basiclval.stype='S'
(PRINTSTMT)basiclval.stype='D3'
(PRINTSTMT)basiclval.stype='D'
(PRINTSTMT)basiclval.stype='R1'
(PRINTSTMT)basiclval.stype='H'
(PRINTSTMT)basiclval.stype='K'
(PRINTSTMT)basiclval.stype='I'
(PRINTSTMT)basiclval.stype='K'
(PRINTSTMT)basiclval.stype='I'
(PRINTSTMT)basiclval.stype='S'
(PRINTSTMT)basiclval.stype='T'
(PRINTSTMT)basiclval.stype='T'
(PRINTSTMT)basiclval.stype='K9'
(PRINTSTMT)basiclval.stype='K'
(PRINTSTMT)basiclval.stype='T'
(PRINTSTMT)basiclval.stype='T0'
(PRINTSTMT)basiclval.stype='O1$'
(PRINTSTMT)basiclval.stype='MID$'
(PRINTSTMT)basiclval.stype='Q$'
(PRINTSTMT)basiclval.stype='I'
(PRINTSTMT)basiclval.stype='MID$'
(PRINTSTMT)basiclval.stype='Q$'
(PRINTSTMT)basiclval.stype='I'
(PRINTSTMT)basiclval.stype='T'
(PRINTSTMT)basiclval.stype='MID$'
(PRINTSTMT)basiclval.stype='Q$'
(PRINTSTMT)basiclval.stype='I'
(PRINTSTMT)basiclval.stype='C$'
(PRINTSTMT)basiclval.stype='MID$'
(PRINTSTMT)basiclval.stype='Q$'
(PRINTSTMT)basiclval.stype='I'
(PRINTSTMT)basiclval.stype='Q1'
(PRINTSTMT)basiclval.stype='Q2'
(PRINTSTMT)basiclval.stype='MID$'
(PRINTSTMT)basiclval.stype='Q$'
(PRINTSTMT)basiclval.stype='I'
(PRINTSTMT)basiclval.stype='S1'
(PRINTSTMT)basiclval.stype='S2'
(PRINTSTMT)basiclval.stype='MID$'
(PRINTSTMT)basiclval.stype='Q$'
(PRINTSTMT)basiclval.stype='I'
(PRINTSTMT)basiclval.stype='N5$'
(PRINTSTMT)basiclval.stype='E'
(PRINTSTMT)basiclval.stype='S'
(PRINTSTMT)basiclval.stype='MID$'
(PRINTSTMT)basiclval.stype='Q$'
(PRINTSTMT)basiclval.stype='I'
(PRINTSTMT)basiclval.stype='N5$'
(PRINTSTMT)basiclval.stype='P'
(PRINTSTMT)basiclval.stype='MID$'
(PRINTSTMT)basiclval.stype='Q$'
(PRINTSTMT)basiclval.stype='I'
(PRINTSTMT)basiclval.stype='N5$'
(PRINTSTMT)basiclval.stype='S'
(PRINTSTMT)basiclval.stype='O1$'
(PRINTSTMT)basiclval.stype='Q1'
(PRINTSTMT)basiclval.stype='Q2'
(PRINTSTMT)basiclval.stype='O3$'
(PRINTSTMT)basiclval.stype='N1$'
(PRINTSTMT)basiclval.stype='I'
(PRINTSTMT)basiclval.stype='N$'
(PRINTSTMT)basiclval.stype='N2$'
(PRINTSTMT)basiclval.stype='Z'
(PRINTSTMT)basiclval.stype='I'
(PRINTSTMT)basiclval.stype='J'
(PRINTSTMT)basiclval.stype='N$'
(PRINTSTMT)basiclval.stype='J0'
(PRINTSTMT)basiclval.stype='G2$'
(PRINTSTMT)basiclval.stype='J0'
(PRINTSTMT)basiclval.stype='G2$'
(PRINTSTMT)basiclval.stype='O3$'
(PRINTSTMT)basiclval.stype='K9'
(PRINTSTMT)basiclval.stype='X$'
(PRINTSTMT)basiclval.stype='V5'
(PRINTSTMT)basiclval.stype='B9'
(PRINTSTMT)basiclval.stype='X$'
(PRINTSTMT)basiclval.stype='Q1'
(PRINTSTMT)basiclval.stype='Q2'
(PRINTSTMT)basiclval.stype='S1'
(PRINTSTMT)basiclval.stype='S2'
(PRINTSTMT)basiclval.stype='V5'
(PRINTSTMT)basiclval.stype='C1'
(PRINTSTMT)basiclval.stype='ABS'
(PRINTSTMT)basiclval.stype='A'
(PRINTSTMT)basiclval.stype='ABS'
(PRINTSTMT)basiclval.stype='X'
(PRINTSTMT)basiclval.stype='C1'
(PRINTSTMT)basiclval.stype='ABS'
(PRINTSTMT)basiclval.stype='X'
(PRINTSTMT)basiclval.stype='ABS'
(PRINTSTMT)basiclval.stype='A'
(PRINTSTMT)basiclval.stype='ABS'
(PRINTSTMT)basiclval.stype='X'
(PRINTSTMT)basiclval.stype='ABS'
(PRINTSTMT)basiclval.stype='X'
(PRINTSTMT)basiclval.stype='C1'
(PRINTSTMT)basiclval.stype='ABS'
(PRINTSTMT)basiclval.stype='X'
(PRINTSTMT)basiclval.stype='ABS'
(PRINTSTMT)basiclval.stype='A'
(PRINTSTMT)basiclval.stype='SQR'
(PRINTSTMT)basiclval.stype='X'
(PRINTSTMT)basiclval.stype='A'
(PRINTSTMT)basiclval.stype='Z1'
(PRINTSTMT)basiclval.stype='Z2'
(PRINTSTMT)basiclval.stype='D$'
(PRINTSTMT)basiclval.stype='R1'
FindField(Line='"####.#"',field=1)
    1) pos=0, ps='####.#"'
    2) pos=6, eps='"'
    curfld=1
    ps='####.#"'
    fldsz=6
    buf='####.#'
    TY_Float
FindField(Line='".# STARDATES"',field=1)
    1) pos=0, ps='.# STARDATES"'
    2) pos=2, eps=' STARDATES"'
    curfld=1
    ps='.# STARDATES"'
    fldsz=2
    buf='.#'
    TY_Float
FindField(Line='"  -##.##"',field=1)
    1) pos=2, ps='-##.##"'
    2) pos=6, eps='"'
    curfld=1
    ps='-##.##"'
    fldsz=6
    buf='-##.##'
    TY_Float
FindField(Line='"MISSION MUST BE COMPLETED IN ##.# STARDATES"',field=1)
    1) pos=16, ps='COMPLETED IN ##.# STARDATES"'
    2) pos=1, eps='OMPLETED IN ##.# STARDATES"'
    1) pos=2, ps='LETED IN ##.# STARDATES"'
    1) pos=7, ps='##.# STARDATES"'
    2) pos=4, eps=' STARDATES"'
    curfld=1
    ps='##.# STARDATES"'
    fldsz=4
    buf='##.#'
    TY_Float
